{"numFailedTestSuites":0,"numFailedTests":0,"numPassedTestSuites":2,"numPassedTests":2,"numPendingTestSuites":0,"numPendingTests":0,"numRuntimeErrorTestSuites":0,"numTodoTests":0,"numTotalTestSuites":2,"numTotalTests":2,"openHandles":[],"snapshot":{"added":0,"didUpdate":false,"failure":false,"filesAdded":0,"filesRemoved":0,"filesRemovedList":[],"filesUnmatched":0,"filesUpdated":0,"matched":0,"total":0,"unchecked":0,"uncheckedKeysByFile":[],"unmatched":0,"updated":0},"startTime":1637674531185,"success":true,"testResults":[{"assertionResults":[{"ancestorTitles":["YourComponent"],"failureMessages":[],"fullName":"YourComponent is a Vue instance","location":null,"status":"passed","title":"is a Vue instance"}],"endTime":1637674533808,"message":"","name":"D:\\project\\nuxt-black-dashboard-pro-v1.1.0\\stories\\Button.spec.js","startTime":1637674532913,"status":"passed","summary":""},{"assertionResults":[{"ancestorTitles":["YourComponent"],"failureMessages":[],"fullName":"YourComponent is a Vue instance","location":null,"status":"passed","title":"is a Vue instance"}],"endTime":1637674533944,"message":"","name":"D:\\project\\nuxt-black-dashboard-pro-v1.1.0\\test\\NuxtLogo.spec.js","startTime":1637674532915,"status":"passed","summary":""}],"wasInterrupted":false}